{"/Users/kylerobinson/Code/repos/kclsu/component_library/src/components/buttons/kclsu-button/kclsu-button.tsx": {"path":"/Users/kylerobinson/Code/repos/kclsu/component_library/src/components/buttons/kclsu-button/kclsu-button.tsx","statementMap":{"0":{"start":{"line":1,"column":0},"end":{"line":1,"column":71}},"1":{"start":{"line":36,"column":12},"end":{"line":36,"column":36}},"2":{"start":{"line":42,"column":8},"end":{"line":42,"column":27}},"3":{"start":{"line":43,"column":8},"end":{"line":43,"column":null}},"4":{"start":{"line":50,"column":22},"end":{"line":52,"column":null}},"5":{"start":{"line":54,"column":23},"end":{"line":54,"column":25}},"6":{"start":{"line":55,"column":8},"end":{"line":55,"column":69}},"7":{"start":{"line":56,"column":8},"end":{"line":56,"column":53}},"8":{"start":{"line":57,"column":8},"end":{"line":59,"column":33}},"9":{"start":{"line":57,"column":24},"end":{"line":57,"column":null}},"10":{"start":{"line":58,"column":13},"end":{"line":59,"column":33}},"11":{"start":{"line":58,"column":33},"end":{"line":58,"column":null}},"12":{"start":{"line":59,"column":13},"end":{"line":59,"column":33}},"13":{"start":{"line":62,"column":8},"end":{"line":66,"column":130}},"14":{"start":{"line":63,"column":12},"end":{"line":63,"column":null}},"15":{"start":{"line":66,"column":13},"end":{"line":66,"column":130}},"16":{"start":{"line":66,"column":39},"end":{"line":66,"column":59}},"17":{"start":{"line":68,"column":8},"end":{"line":71,"column":null}},"18":{"start":{"line":4,"column":0},"end":{"line":4,"column":null}}},"fnMap":{"0":{"name":"(anonymous_0)","decl":{"start":{"line":4,"column":0},"end":{"line":4,"column":null}},"loc":{"start":{"line":4,"column":0},"end":{"line":76,"column":null}}},"1":{"name":"(anonymous_1)","decl":{"start":{"line":41,"column":4},"end":{"line":41,"column":16}},"loc":{"start":{"line":41,"column":18},"end":{"line":44,"column":5}}},"2":{"name":"(anonymous_2)","decl":{"start":{"line":47,"column":4},"end":{"line":47,"column":10}},"loc":{"start":{"line":47,"column":10},"end":{"line":75,"column":5}}},"3":{"name":"(anonymous_3)","decl":{"start":{"line":66,"column":32},"end":{"line":66,"column":33}},"loc":{"start":{"line":66,"column":39},"end":{"line":66,"column":59}}}},"branchMap":{"0":{"loc":{"start":{"line":55,"column":22},"end":{"line":55,"column":43}},"type":"cond-expr","locations":[{"start":{"line":55,"column":22},"end":{"line":55,"column":43}},{"start":{"line":55,"column":46},"end":{"line":55,"column":68}}]},"1":{"loc":{"start":{"line":56,"column":22},"end":{"line":56,"column":45}},"type":"cond-expr","locations":[{"start":{"line":56,"column":22},"end":{"line":56,"column":45}},{"start":{"line":56,"column":48},"end":{"line":56,"column":52}}]},"2":{"loc":{"start":{"line":57,"column":8},"end":{"line":59,"column":33}},"type":"if","locations":[{"start":{"line":57,"column":8},"end":{"line":59,"column":33}},{"start":{"line":57,"column":8},"end":{"line":59,"column":33}}]},"3":{"loc":{"start":{"line":58,"column":13},"end":{"line":59,"column":33}},"type":"if","locations":[{"start":{"line":58,"column":13},"end":{"line":59,"column":33}},{"start":{"line":58,"column":13},"end":{"line":59,"column":33}}]},"4":{"loc":{"start":{"line":62,"column":8},"end":{"line":66,"column":130}},"type":"if","locations":[{"start":{"line":62,"column":8},"end":{"line":66,"column":130}},{"start":{"line":62,"column":8},"end":{"line":66,"column":130}}]},"5":{"loc":{"start":{"line":63,"column":60},"end":{"line":63,"column":68}},"type":"cond-expr","locations":[{"start":{"line":63,"column":60},"end":{"line":63,"column":68}},{"start":{"line":63,"column":71},"end":{"line":63,"column":78}}]},"6":{"loc":{"start":{"line":69,"column":45},"end":{"line":69,"column":53}},"type":"cond-expr","locations":[{"start":{"line":69,"column":45},"end":{"line":69,"column":53}},{"start":{"line":69,"column":56},"end":{"line":69,"column":68}}]}},"s":{"0":1,"1":4,"2":0,"3":0,"4":3,"5":3,"6":3,"7":3,"8":3,"9":1,"10":2,"11":0,"12":2,"13":3,"14":3,"15":0,"16":0,"17":3,"18":1},"f":{"0":4,"1":0,"2":3,"3":0},"b":{"0":[2,1],"1":[0,3],"2":[1,2],"3":[0,2],"4":[3,0],"5":[1,2],"6":[0,3]}}
,"/Users/kylerobinson/Code/repos/kclsu/component_library/src/components/cards/label-card/label-card.tsx": {"path":"/Users/kylerobinson/Code/repos/kclsu/component_library/src/components/cards/label-card/label-card.tsx","statementMap":{"0":{"start":{"line":1,"column":0},"end":{"line":1,"column":51}},"1":{"start":{"line":14,"column":12},"end":{"line":14,"column":50}},"2":{"start":{"line":28,"column":12},"end":{"line":28,"column":168}},"3":{"start":{"line":32,"column":19},"end":{"line":32,"column":23}},"4":{"start":{"line":33,"column":8},"end":{"line":33,"column":49}},"5":{"start":{"line":33,"column":23},"end":{"line":33,"column":49}},"6":{"start":{"line":34,"column":8},"end":{"line":34,"column":null}},"7":{"start":{"line":34,"column":45},"end":{"line":34,"column":null}},"8":{"start":{"line":36,"column":22},"end":{"line":36,"column":135}},"9":{"start":{"line":39,"column":24},"end":{"line":42,"column":null}},"10":{"start":{"line":44,"column":27},"end":{"line":44,"column":116}},"11":{"start":{"line":47,"column":8},"end":{"line":73,"column":10}},"12":{"start":{"line":48,"column":12},"end":{"line":60,"column":14}},"13":{"start":{"line":63,"column":13},"end":{"line":73,"column":10}},"14":{"start":{"line":4,"column":0},"end":{"line":4,"column":null}}},"fnMap":{"0":{"name":"(anonymous_0)","decl":{"start":{"line":4,"column":0},"end":{"line":4,"column":null}},"loc":{"start":{"line":4,"column":0},"end":{"line":75,"column":null}}},"1":{"name":"(anonymous_1)","decl":{"start":{"line":30,"column":4},"end":{"line":30,"column":10}},"loc":{"start":{"line":30,"column":10},"end":{"line":74,"column":5}}}},"branchMap":{"0":{"loc":{"start":{"line":33,"column":8},"end":{"line":33,"column":49}},"type":"if","locations":[{"start":{"line":33,"column":8},"end":{"line":33,"column":49}},{"start":{"line":33,"column":8},"end":{"line":33,"column":49}}]},"1":{"loc":{"start":{"line":34,"column":8},"end":{"line":34,"column":null}},"type":"if","locations":[{"start":{"line":34,"column":8},"end":{"line":34,"column":null}},{"start":{"line":34,"column":8},"end":{"line":34,"column":null}}]},"2":{"loc":{"start":{"line":34,"column":12},"end":{"line":34,"column":30}},"type":"binary-expr","locations":[{"start":{"line":34,"column":12},"end":{"line":34,"column":30}},{"start":{"line":34,"column":34},"end":{"line":34,"column":43}}]},"3":{"loc":{"start":{"line":36,"column":40},"end":{"line":36,"column":44}},"type":"cond-expr","locations":[{"start":{"line":36,"column":40},"end":{"line":36,"column":44}},{"start":{"line":36,"column":47},"end":{"line":36,"column":135}}]},"4":{"loc":{"start":{"line":40,"column":48},"end":{"line":40,"column":53}},"type":"cond-expr","locations":[{"start":{"line":40,"column":48},"end":{"line":40,"column":53}},{"start":{"line":40,"column":56},"end":{"line":40,"column":69}}]},"5":{"loc":{"start":{"line":41,"column":43},"end":{"line":41,"column":58}},"type":"cond-expr","locations":[{"start":{"line":41,"column":43},"end":{"line":41,"column":58}},{"start":{"line":41,"column":61},"end":{"line":41,"column":119}}]},"6":{"loc":{"start":{"line":41,"column":82},"end":{"line":41,"column":88}},"type":"cond-expr","locations":[{"start":{"line":41,"column":82},"end":{"line":41,"column":88}},{"start":{"line":41,"column":91},"end":{"line":41,"column":119}}]},"7":{"loc":{"start":{"line":41,"column":103},"end":{"line":41,"column":109}},"type":"cond-expr","locations":[{"start":{"line":41,"column":103},"end":{"line":41,"column":109}},{"start":{"line":41,"column":112},"end":{"line":41,"column":119}}]},"8":{"loc":{"start":{"line":44,"column":46},"end":{"line":44,"column":92}},"type":"cond-expr","locations":[{"start":{"line":44,"column":46},"end":{"line":44,"column":92}},{"start":{"line":44,"column":95},"end":{"line":44,"column":116}}]},"9":{"loc":{"start":{"line":47,"column":8},"end":{"line":73,"column":10}},"type":"if","locations":[{"start":{"line":47,"column":8},"end":{"line":73,"column":10}},{"start":{"line":47,"column":8},"end":{"line":73,"column":10}}]}},"s":{"0":1,"1":2,"2":2,"3":2,"4":2,"5":1,"6":2,"7":0,"8":2,"9":2,"10":2,"11":2,"12":0,"13":2,"14":1},"f":{"0":2,"1":2},"b":{"0":[1,1],"1":[0,2],"2":[2,0],"3":[1,1],"4":[2,0],"5":[0,2],"6":[0,2],"7":[1,1],"8":[0,2],"9":[0,2]}}
,"/Users/kylerobinson/Code/repos/kclsu/component_library/src/components/cloudinary/cloudinary-app.tsx": {"path":"/Users/kylerobinson/Code/repos/kclsu/component_library/src/components/cloudinary/cloudinary-app.tsx","statementMap":{"0":{"start":{"line":1,"column":0},"end":{"line":1,"column":81}},"1":{"start":{"line":2,"column":0},"end":{"line":2,"column":43}},"2":{"start":{"line":25,"column":8},"end":{"line":25,"column":47}},"3":{"start":{"line":25,"column":28},"end":{"line":25,"column":47}},"4":{"start":{"line":29,"column":23},"end":{"line":34,"column":14}},"5":{"start":{"line":36,"column":23},"end":{"line":39,"column":81}},"6":{"start":{"line":41,"column":8},"end":{"line":41,"column":89}},"7":{"start":{"line":41,"column":49},"end":{"line":41,"column":89}},"8":{"start":{"line":43,"column":27},"end":{"line":50,"column":10}},"9":{"start":{"line":53,"column":14},"end":{"line":53,"column":60}},"10":{"start":{"line":55,"column":8},"end":{"line":63,"column":null}},"11":{"start":{"line":56,"column":25},"end":{"line":56,"column":35}},"12":{"start":{"line":58,"column":16},"end":{"line":58,"column":33}},"13":{"start":{"line":59,"column":16},"end":{"line":59,"column":32}},"14":{"start":{"line":62,"column":16},"end":{"line":62,"column":32}},"15":{"start":{"line":68,"column":8},"end":{"line":70,"column":null}},"16":{"start":{"line":69,"column":12},"end":{"line":69,"column":null}},"17":{"start":{"line":74,"column":8},"end":{"line":74,"column":33}},"18":{"start":{"line":78,"column":21},"end":{"line":78,"column":51}},"19":{"start":{"line":79,"column":22},"end":{"line":79,"column":64}},"20":{"start":{"line":80,"column":8},"end":{"line":87,"column":null}},"21":{"start":{"line":81,"column":12},"end":{"line":81,"column":33}},"22":{"start":{"line":82,"column":12},"end":{"line":82,"column":32}},"23":{"start":{"line":83,"column":12},"end":{"line":86,"column":21}},"24":{"start":{"line":84,"column":16},"end":{"line":84,"column":38}},"25":{"start":{"line":85,"column":16},"end":{"line":85,"column":37}},"26":{"start":{"line":92,"column":8},"end":{"line":92,"column":43}},"27":{"start":{"line":97,"column":8},"end":{"line":97,"column":null}},"28":{"start":{"line":102,"column":8},"end":{"line":102,"column":67}},"29":{"start":{"line":102,"column":44},"end":{"line":102,"column":67}},"30":{"start":{"line":107,"column":8},"end":{"line":107,"column":27}},"31":{"start":{"line":111,"column":8},"end":{"line":111,"column":27}},"32":{"start":{"line":115,"column":8},"end":{"line":115,"column":33}},"33":{"start":{"line":120,"column":18},"end":{"line":120,"column":186}},"34":{"start":{"line":121,"column":24},"end":{"line":126,"column":43}},"35":{"start":{"line":128,"column":8},"end":{"line":145,"column":10}},"36":{"start":{"line":5,"column":0},"end":{"line":5,"column":null}}},"fnMap":{"0":{"name":"(anonymous_1)","decl":{"start":{"line":24,"column":4},"end":{"line":24,"column":20}},"loc":{"start":{"line":24,"column":20},"end":{"line":26,"column":5}}},"1":{"name":"(anonymous_2)","decl":{"start":{"line":28,"column":4},"end":{"line":28,"column":15}},"loc":{"start":{"line":28,"column":32},"end":{"line":64,"column":5}}},"2":{"name":"(anonymous_3)","decl":{"start":{"line":56,"column":18},"end":{"line":56,"column":21}},"loc":{"start":{"line":56,"column":25},"end":{"line":56,"column":35}}},"3":{"name":"(anonymous_4)","decl":{"start":{"line":57,"column":18},"end":{"line":57,"column":21}},"loc":{"start":{"line":57,"column":24},"end":{"line":60,"column":17}}},"4":{"name":"(anonymous_5)","decl":{"start":{"line":61,"column":19},"end":{"line":61,"column":21}},"loc":{"start":{"line":61,"column":24},"end":{"line":63,"column":13}}},"5":{"name":"(anonymous_6)","decl":{"start":{"line":67,"column":4},"end":{"line":67,"column":14}},"loc":{"start":{"line":67,"column":14},"end":{"line":71,"column":5}}},"6":{"name":"(anonymous_7)","decl":{"start":{"line":68,"column":27},"end":{"line":68,"column":31}},"loc":{"start":{"line":68,"column":34},"end":{"line":70,"column":9}}},"7":{"name":"(anonymous_8)","decl":{"start":{"line":73,"column":4},"end":{"line":73,"column":19}},"loc":{"start":{"line":73,"column":19},"end":{"line":75,"column":5}}},"8":{"name":"(anonymous_9)","decl":{"start":{"line":77,"column":4},"end":{"line":77,"column":12}},"loc":{"start":{"line":77,"column":12},"end":{"line":88,"column":5}}},"9":{"name":"(anonymous_10)","decl":{"start":{"line":83,"column":36},"end":{"line":83,"column":38}},"loc":{"start":{"line":83,"column":40},"end":{"line":86,"column":13}}},"10":{"name":"(anonymous_11)","decl":{"start":{"line":91,"column":4},"end":{"line":91,"column":20}},"loc":{"start":{"line":91,"column":39},"end":{"line":93,"column":5}}},"11":{"name":"(anonymous_12)","decl":{"start":{"line":96,"column":4},"end":{"line":96,"column":20}},"loc":{"start":{"line":96,"column":38},"end":{"line":98,"column":5}}},"12":{"name":"(anonymous_13)","decl":{"start":{"line":101,"column":4},"end":{"line":101,"column":18}},"loc":{"start":{"line":101,"column":36},"end":{"line":103,"column":5}}},"13":{"name":"(anonymous_14)","decl":{"start":{"line":106,"column":29},"end":{"line":106,"column":42}},"loc":{"start":{"line":106,"column":42},"end":{"line":108,"column":5}}},"14":{"name":"(anonymous_15)","decl":{"start":{"line":110,"column":24},"end":{"line":110,"column":37}},"loc":{"start":{"line":110,"column":37},"end":{"line":112,"column":5}}},"15":{"name":"(anonymous_16)","decl":{"start":{"line":114,"column":4},"end":{"line":114,"column":24}},"loc":{"start":{"line":114,"column":24},"end":{"line":116,"column":5}}},"16":{"name":"(anonymous_17)","decl":{"start":{"line":119,"column":4},"end":{"line":119,"column":10}},"loc":{"start":{"line":119,"column":10},"end":{"line":146,"column":5}}}},"branchMap":{"0":{"loc":{"start":{"line":25,"column":8},"end":{"line":25,"column":47}},"type":"if","locations":[{"start":{"line":25,"column":8},"end":{"line":25,"column":47}},{"start":{"line":25,"column":8},"end":{"line":25,"column":47}}]},"1":{"loc":{"start":{"line":28,"column":30},"end":{"line":28,"column":32}},"type":"default-arg","locations":[{"start":{"line":28,"column":30},"end":{"line":28,"column":32}}]},"2":{"loc":{"start":{"line":36,"column":45},"end":{"line":36,"column":53}},"type":"cond-expr","locations":[{"start":{"line":36,"column":45},"end":{"line":36,"column":53}},{"start":{"line":36,"column":56},"end":{"line":39,"column":81}}]},"3":{"loc":{"start":{"line":41,"column":8},"end":{"line":41,"column":89}},"type":"if","locations":[{"start":{"line":41,"column":8},"end":{"line":41,"column":89}},{"start":{"line":41,"column":8},"end":{"line":41,"column":89}}]},"4":{"loc":{"start":{"line":80,"column":8},"end":{"line":87,"column":null}},"type":"if","locations":[{"start":{"line":80,"column":8},"end":{"line":87,"column":null}},{"start":{"line":80,"column":8},"end":{"line":87,"column":null}}]},"5":{"loc":{"start":{"line":102,"column":8},"end":{"line":102,"column":67}},"type":"if","locations":[{"start":{"line":102,"column":8},"end":{"line":102,"column":67}},{"start":{"line":102,"column":8},"end":{"line":102,"column":67}}]},"6":{"loc":{"start":{"line":120,"column":31},"end":{"line":120,"column":155}},"type":"cond-expr","locations":[{"start":{"line":120,"column":31},"end":{"line":120,"column":155}},{"start":{"line":120,"column":158},"end":{"line":120,"column":186}}]},"7":{"loc":{"start":{"line":135,"column":34},"end":{"line":135,"column":36}},"type":"cond-expr","locations":[{"start":{"line":135,"column":34},"end":{"line":135,"column":36}},{"start":{"line":135,"column":39},"end":{"line":135,"column":56}}]},"8":{"loc":{"start":{"line":142,"column":34},"end":{"line":142,"column":36}},"type":"cond-expr","locations":[{"start":{"line":142,"column":34},"end":{"line":142,"column":36}},{"start":{"line":142,"column":39},"end":{"line":142,"column":47}}]}},"s":{"0":1,"1":1,"2":3,"3":1,"4":4,"5":4,"6":4,"7":0,"8":4,"9":4,"10":4,"11":4,"12":2,"13":2,"14":2,"15":2,"16":16,"17":0,"18":2,"19":2,"20":2,"21":0,"22":0,"23":0,"24":0,"25":0,"26":0,"27":0,"28":0,"29":0,"30":0,"31":3,"32":0,"33":6,"34":6,"35":6,"36":1},"f":{"0":3,"1":4,"2":4,"3":2,"4":2,"5":2,"6":16,"7":0,"8":2,"9":0,"10":0,"11":0,"12":0,"13":0,"14":3,"15":0,"16":6},"b":{"0":[1,2],"1":[4],"2":[4,0],"3":[0,4],"4":[0,2],"5":[0,0],"6":[4,2],"7":[4,2],"8":[4,2]}}
,"/Users/kylerobinson/Code/repos/kclsu/component_library/src/components/cloudinary/assets/presets.ts": {"path":"/Users/kylerobinson/Code/repos/kclsu/component_library/src/components/cloudinary/assets/presets.ts","statementMap":{"0":{"start":{"line":1,"column":13},"end":{"line":42,"column":2}}},"fnMap":{},"branchMap":{},"s":{"0":1},"f":{},"b":{}}
,"/Users/kylerobinson/Code/repos/kclsu/component_library/src/components/modal/kclsu-modal.tsx": {"path":"/Users/kylerobinson/Code/repos/kclsu/component_library/src/components/modal/kclsu-modal.tsx","statementMap":{"0":{"start":{"line":1,"column":0},"end":{"line":1,"column":66}},"1":{"start":{"line":12,"column":12},"end":{"line":12,"column":33}},"2":{"start":{"line":14,"column":12},"end":{"line":14,"column":37}},"3":{"start":{"line":16,"column":12},"end":{"line":16,"column":38}},"4":{"start":{"line":19,"column":8},"end":{"line":19,"column":null}},"5":{"start":{"line":23,"column":8},"end":{"line":23,"column":45}},"6":{"start":{"line":23,"column":27},"end":{"line":23,"column":45}},"7":{"start":{"line":28,"column":21},"end":{"line":32,"column":10}},"8":{"start":{"line":34,"column":8},"end":{"line":39,"column":11}},"9":{"start":{"line":4,"column":0},"end":{"line":4,"column":null}}},"fnMap":{"0":{"name":"(anonymous_0)","decl":{"start":{"line":4,"column":0},"end":{"line":4,"column":null}},"loc":{"start":{"line":4,"column":0},"end":{"line":41,"column":null}}},"1":{"name":"(anonymous_1)","decl":{"start":{"line":18,"column":19},"end":{"line":18,"column":31}},"loc":{"start":{"line":18,"column":38},"end":{"line":20,"column":5}}},"2":{"name":"(anonymous_2)","decl":{"start":{"line":22,"column":25},"end":{"line":22,"column":36}},"loc":{"start":{"line":22,"column":36},"end":{"line":24,"column":5}}},"3":{"name":"(anonymous_3)","decl":{"start":{"line":26,"column":4},"end":{"line":26,"column":10}},"loc":{"start":{"line":26,"column":10},"end":{"line":40,"column":5}}}},"branchMap":{"0":{"loc":{"start":{"line":23,"column":8},"end":{"line":23,"column":45}},"type":"if","locations":[{"start":{"line":23,"column":8},"end":{"line":23,"column":45}},{"start":{"line":23,"column":8},"end":{"line":23,"column":45}}]},"1":{"loc":{"start":{"line":29,"column":36},"end":{"line":29,"column":59}},"type":"cond-expr","locations":[{"start":{"line":29,"column":36},"end":{"line":29,"column":59}},{"start":{"line":29,"column":62},"end":{"line":29,"column":89}}]},"2":{"loc":{"start":{"line":30,"column":34},"end":{"line":30,"column":37}},"type":"cond-expr","locations":[{"start":{"line":30,"column":34},"end":{"line":30,"column":37}},{"start":{"line":30,"column":40},"end":{"line":30,"column":43}}]},"3":{"loc":{"start":{"line":31,"column":24},"end":{"line":31,"column":37}},"type":"binary-expr","locations":[{"start":{"line":31,"column":24},"end":{"line":31,"column":37}},{"start":{"line":31,"column":41},"end":{"line":31,"column":48}}]}},"s":{"0":1,"1":1,"2":1,"3":1,"4":1,"5":0,"6":0,"7":2,"8":2,"9":1},"f":{"0":1,"1":1,"2":0,"3":2},"b":{"0":[0,0],"1":[1,1],"2":[1,1],"3":[2,0]}}
,"/Users/kylerobinson/Code/repos/kclsu/component_library/src/components/modal/modal-backdrop.tsx": {"path":"/Users/kylerobinson/Code/repos/kclsu/component_library/src/components/modal/modal-backdrop.tsx","statementMap":{"0":{"start":{"line":1,"column":0},"end":{"line":1,"column":71}},"1":{"start":{"line":15,"column":8},"end":{"line":15,"column":null}},"2":{"start":{"line":16,"column":8},"end":{"line":16,"column":null}},"3":{"start":{"line":20,"column":8},"end":{"line":22,"column":10}},"4":{"start":{"line":21,"column":63},"end":{"line":21,"column":83}},"5":{"start":{"line":4,"column":0},"end":{"line":4,"column":null}}},"fnMap":{"0":{"name":"(anonymous_1)","decl":{"start":{"line":14,"column":4},"end":{"line":14,"column":16}},"loc":{"start":{"line":14,"column":18},"end":{"line":17,"column":5}}},"1":{"name":"(anonymous_2)","decl":{"start":{"line":19,"column":4},"end":{"line":19,"column":10}},"loc":{"start":{"line":19,"column":10},"end":{"line":23,"column":5}}},"2":{"name":"(anonymous_3)","decl":{"start":{"line":21,"column":56},"end":{"line":21,"column":57}},"loc":{"start":{"line":21,"column":63},"end":{"line":21,"column":83}}}},"branchMap":{"0":{"loc":{"start":{"line":21,"column":25},"end":{"line":21,"column":91}},"type":"cond-expr","locations":[{"start":{"line":21,"column":25},"end":{"line":21,"column":91}},{"start":{"line":21,"column":94},"end":{"line":21,"column":98}}]}},"s":{"0":1,"1":1,"2":1,"3":3,"4":1,"5":1},"f":{"0":1,"1":3,"2":1},"b":{"0":[2,1]}}
,"/Users/kylerobinson/Code/repos/kclsu/component_library/src/utils/utils.ts": {"path":"/Users/kylerobinson/Code/repos/kclsu/component_library/src/utils/utils.ts","statementMap":{"0":{"start":{"line":3,"column":2},"end":{"line":7,"column":4}},"1":{"start":{"line":2,"column":0},"end":{"line":2,"column":16}},"2":{"start":{"line":11,"column":2},"end":{"line":11,"column":50}},"3":{"start":{"line":10,"column":0},"end":{"line":10,"column":16}},"4":{"start":{"line":16,"column":2},"end":{"line":17,"column":25}},"5":{"start":{"line":16,"column":15},"end":{"line":16,"column":40}},"6":{"start":{"line":17,"column":7},"end":{"line":17,"column":25}},"7":{"start":{"line":18,"column":13},"end":{"line":18,"column":91}},"8":{"start":{"line":19,"column":15},"end":{"line":19,"column":135}},"9":{"start":{"line":21,"column":2},"end":{"line":28,"column":null}},"10":{"start":{"line":14,"column":0},"end":{"line":14,"column":16}},"11":{"start":{"line":32,"column":17},"end":{"line":32,"column":30}},"12":{"start":{"line":33,"column":15},"end":{"line":33,"column":17}},"13":{"start":{"line":34,"column":2},"end":{"line":46,"column":null}},"14":{"start":{"line":34,"column":14},"end":{"line":34,"column":15}},"15":{"start":{"line":36,"column":4},"end":{"line":45,"column":null}},"16":{"start":{"line":37,"column":6},"end":{"line":37,"column":null}},"17":{"start":{"line":38,"column":6},"end":{"line":38,"column":12}},"18":{"start":{"line":40,"column":9},"end":{"line":45,"column":null}},"19":{"start":{"line":41,"column":6},"end":{"line":41,"column":13}},"20":{"start":{"line":44,"column":6},"end":{"line":44,"column":31}},"21":{"start":{"line":48,"column":2},"end":{"line":48,"column":25}},"22":{"start":{"line":31,"column":0},"end":{"line":31,"column":16}},"23":{"start":{"line":54,"column":13},"end":{"line":54,"column":26}},"24":{"start":{"line":55,"column":10},"end":{"line":55,"column":20}},"25":{"start":{"line":56,"column":16},"end":{"line":56,"column":31}},"26":{"start":{"line":57,"column":18},"end":{"line":59,"column":4}},"27":{"start":{"line":58,"column":6},"end":{"line":58,"column":37}},"28":{"start":{"line":61,"column":2},"end":{"line":63,"column":null}},"29":{"start":{"line":61,"column":21},"end":{"line":61,"column":34}},"30":{"start":{"line":62,"column":7},"end":{"line":63,"column":null}},"31":{"start":{"line":62,"column":23},"end":{"line":62,"column":null}},"32":{"start":{"line":63,"column":7},"end":{"line":63,"column":null}},"33":{"start":{"line":53,"column":0},"end":{"line":53,"column":16}},"34":{"start":{"line":67,"column":2},"end":{"line":67,"column":null}},"35":{"start":{"line":66,"column":0},"end":{"line":66,"column":16}},"36":{"start":{"line":71,"column":19},"end":{"line":71,"column":24}},"37":{"start":{"line":72,"column":4},"end":{"line":72,"column":80}},"38":{"start":{"line":72,"column":64},"end":{"line":72,"column":80}},"39":{"start":{"line":73,"column":4},"end":{"line":73,"column":20}},"40":{"start":{"line":70,"column":0},"end":{"line":70,"column":16}}},"fnMap":{"0":{"name":"format","decl":{"start":{"line":2,"column":16},"end":{"line":2,"column":22}},"loc":{"start":{"line":2,"column":66},"end":{"line":8,"column":1}}},"1":{"name":"createId","decl":{"start":{"line":10,"column":16},"end":{"line":10,"column":24}},"loc":{"start":{"line":10,"column":24},"end":{"line":12,"column":1}}},"2":{"name":"returnDate","decl":{"start":{"line":14,"column":16},"end":{"line":14,"column":26}},"loc":{"start":{"line":14,"column":39},"end":{"line":29,"column":1}}},"3":{"name":"removeParams","decl":{"start":{"line":31,"column":16},"end":{"line":31,"column":28}},"loc":{"start":{"line":31,"column":32},"end":{"line":49,"column":1}}},"4":{"name":"getNextEvents","decl":{"start":{"line":53,"column":16},"end":{"line":53,"column":29}},"loc":{"start":{"line":53,"column":51},"end":{"line":64,"column":1}}},"5":{"name":"(anonymous_5)","decl":{"start":{"line":57,"column":33},"end":{"line":57,"column":36}},"loc":{"start":{"line":57,"column":39},"end":{"line":59,"column":3}}},"6":{"name":"sortFullNamesAlphabetically","decl":{"start":{"line":66,"column":16},"end":{"line":66,"column":43}},"loc":{"start":{"line":66,"column":43},"end":{"line":68,"column":1}}},"7":{"name":"verifyCloudinaryApprovedUrl","decl":{"start":{"line":70,"column":16},"end":{"line":70,"column":43}},"loc":{"start":{"line":70,"column":54},"end":{"line":74,"column":1}}}},"branchMap":{"0":{"loc":{"start":{"line":4,"column":5},"end":{"line":4,"column":10}},"type":"binary-expr","locations":[{"start":{"line":4,"column":5},"end":{"line":4,"column":10}},{"start":{"line":4,"column":14},"end":{"line":4,"column":16}}]},"1":{"loc":{"start":{"line":5,"column":14},"end":{"line":5,"column":26}},"type":"cond-expr","locations":[{"start":{"line":5,"column":14},"end":{"line":5,"column":26}},{"start":{"line":5,"column":29},"end":{"line":5,"column":31}}]},"2":{"loc":{"start":{"line":6,"column":12},"end":{"line":6,"column":22}},"type":"cond-expr","locations":[{"start":{"line":6,"column":12},"end":{"line":6,"column":22}},{"start":{"line":6,"column":25},"end":{"line":6,"column":27}}]},"3":{"loc":{"start":{"line":14,"column":37},"end":{"line":14,"column":39}},"type":"default-arg","locations":[{"start":{"line":14,"column":37},"end":{"line":14,"column":39}}]},"4":{"loc":{"start":{"line":16,"column":2},"end":{"line":17,"column":25}},"type":"if","locations":[{"start":{"line":16,"column":2},"end":{"line":17,"column":25}},{"start":{"line":16,"column":2},"end":{"line":17,"column":25}}]},"5":{"loc":{"start":{"line":36,"column":4},"end":{"line":45,"column":null}},"type":"if","locations":[{"start":{"line":36,"column":4},"end":{"line":45,"column":null}},{"start":{"line":36,"column":4},"end":{"line":45,"column":null}}]},"6":{"loc":{"start":{"line":40,"column":9},"end":{"line":45,"column":null}},"type":"if","locations":[{"start":{"line":40,"column":9},"end":{"line":45,"column":null}},{"start":{"line":40,"column":9},"end":{"line":45,"column":null}}]},"7":{"loc":{"start":{"line":53,"column":49},"end":{"line":53,"column":51}},"type":"default-arg","locations":[{"start":{"line":53,"column":49},"end":{"line":53,"column":51}}]},"8":{"loc":{"start":{"line":61,"column":2},"end":{"line":63,"column":null}},"type":"if","locations":[{"start":{"line":61,"column":2},"end":{"line":63,"column":null}},{"start":{"line":61,"column":2},"end":{"line":63,"column":null}}]},"9":{"loc":{"start":{"line":62,"column":7},"end":{"line":63,"column":null}},"type":"if","locations":[{"start":{"line":62,"column":7},"end":{"line":63,"column":null}},{"start":{"line":62,"column":7},"end":{"line":63,"column":null}}]},"10":{"loc":{"start":{"line":72,"column":4},"end":{"line":72,"column":80}},"type":"if","locations":[{"start":{"line":72,"column":4},"end":{"line":72,"column":80}},{"start":{"line":72,"column":4},"end":{"line":72,"column":80}}]}},"s":{"0":4,"1":1,"2":0,"3":1,"4":0,"5":0,"6":0,"7":0,"8":0,"9":0,"10":1,"11":0,"12":0,"13":0,"14":0,"15":0,"16":0,"17":0,"18":0,"19":0,"20":0,"21":0,"22":1,"23":0,"24":0,"25":0,"26":0,"27":0,"28":0,"29":0,"30":0,"31":0,"32":0,"33":1,"34":0,"35":1,"36":0,"37":0,"38":0,"39":0,"40":1},"f":{"0":4,"1":0,"2":0,"3":0,"4":0,"5":0,"6":0,"7":0},"b":{"0":[4,1],"1":[1,3],"2":[2,2],"3":[0],"4":[0,0],"5":[0,0],"6":[0,0],"7":[0],"8":[0,0],"9":[0,0],"10":[0,0]}}
}
