TN:
SF:/Users/kylerobinson/Code/repos/kclsu/component_library/src/components/buttons/kclsu-button/kclsu-button.tsx
FN:4,(anonymous_0)
FN:41,(anonymous_1)
FN:47,(anonymous_2)
FN:66,(anonymous_3)
FNF:4
FNH:2
FNDA:4,(anonymous_0)
FNDA:0,(anonymous_1)
FNDA:3,(anonymous_2)
FNDA:0,(anonymous_3)
DA:1,1
DA:4,1
DA:36,4
DA:42,0
DA:43,0
DA:50,3
DA:54,3
DA:55,3
DA:56,3
DA:57,3
DA:58,2
DA:59,2
DA:62,3
DA:63,3
DA:66,0
DA:68,3
LF:16
LH:13
BRDA:55,0,0,2
BRDA:55,0,1,1
BRDA:56,1,0,0
BRDA:56,1,1,3
BRDA:57,2,0,1
BRDA:57,2,1,2
BRDA:58,3,0,0
BRDA:58,3,1,2
BRDA:62,4,0,3
BRDA:62,4,1,0
BRDA:63,5,0,1
BRDA:63,5,1,2
BRDA:69,6,0,0
BRDA:69,6,1,3
BRF:14
BRH:10
end_of_record
TN:
SF:/Users/kylerobinson/Code/repos/kclsu/component_library/src/components/cards/label-card/label-card.tsx
FN:4,(anonymous_0)
FN:30,(anonymous_1)
FNF:2
FNH:2
FNDA:2,(anonymous_0)
FNDA:2,(anonymous_1)
DA:1,1
DA:4,1
DA:14,2
DA:28,2
DA:32,2
DA:33,2
DA:34,2
DA:36,2
DA:39,2
DA:44,2
DA:47,2
DA:48,0
DA:63,2
LF:13
LH:12
BRDA:33,0,0,1
BRDA:33,0,1,1
BRDA:34,1,0,0
BRDA:34,1,1,2
BRDA:34,2,0,2
BRDA:34,2,1,0
BRDA:36,3,0,1
BRDA:36,3,1,1
BRDA:40,4,0,2
BRDA:40,4,1,0
BRDA:41,5,0,0
BRDA:41,5,1,2
BRDA:41,6,0,0
BRDA:41,6,1,2
BRDA:41,7,0,1
BRDA:41,7,1,1
BRDA:44,8,0,0
BRDA:44,8,1,2
BRDA:47,9,0,0
BRDA:47,9,1,2
BRF:20
BRH:13
end_of_record
TN:
SF:/Users/kylerobinson/Code/repos/kclsu/component_library/src/components/cloudinary/cloudinary-app.tsx
FN:24,(anonymous_1)
FN:28,(anonymous_2)
FN:56,(anonymous_3)
FN:57,(anonymous_4)
FN:61,(anonymous_5)
FN:67,(anonymous_6)
FN:68,(anonymous_7)
FN:73,(anonymous_8)
FN:77,(anonymous_9)
FN:83,(anonymous_10)
FN:91,(anonymous_11)
FN:96,(anonymous_12)
FN:101,(anonymous_13)
FN:106,(anonymous_14)
FN:110,(anonymous_15)
FN:114,(anonymous_16)
FN:119,(anonymous_17)
FNF:17
FNH:10
FNDA:3,(anonymous_1)
FNDA:4,(anonymous_2)
FNDA:4,(anonymous_3)
FNDA:2,(anonymous_4)
FNDA:2,(anonymous_5)
FNDA:2,(anonymous_6)
FNDA:16,(anonymous_7)
FNDA:0,(anonymous_8)
FNDA:2,(anonymous_9)
FNDA:0,(anonymous_10)
FNDA:0,(anonymous_11)
FNDA:0,(anonymous_12)
FNDA:0,(anonymous_13)
FNDA:0,(anonymous_14)
FNDA:3,(anonymous_15)
FNDA:0,(anonymous_16)
FNDA:6,(anonymous_17)
DA:1,1
DA:2,1
DA:5,1
DA:25,3
DA:29,4
DA:36,4
DA:41,4
DA:43,4
DA:53,4
DA:55,4
DA:56,4
DA:58,2
DA:59,2
DA:62,2
DA:68,2
DA:69,16
DA:74,0
DA:78,2
DA:79,2
DA:80,2
DA:81,0
DA:82,0
DA:83,0
DA:84,0
DA:85,0
DA:92,0
DA:97,0
DA:102,0
DA:107,0
DA:111,3
DA:115,0
DA:120,6
DA:121,6
DA:128,6
LF:34
LH:23
BRDA:25,0,0,1
BRDA:25,0,1,2
BRDA:28,1,0,4
BRDA:36,2,0,4
BRDA:36,2,1,0
BRDA:41,3,0,0
BRDA:41,3,1,4
BRDA:80,4,0,0
BRDA:80,4,1,2
BRDA:102,5,0,0
BRDA:102,5,1,0
BRDA:120,6,0,4
BRDA:120,6,1,2
BRDA:135,7,0,4
BRDA:135,7,1,2
BRDA:142,8,0,4
BRDA:142,8,1,2
BRF:17
BRH:12
end_of_record
TN:
SF:/Users/kylerobinson/Code/repos/kclsu/component_library/src/components/cloudinary/assets/presets.ts
FNF:0
FNH:0
DA:1,1
LF:1
LH:1
BRF:0
BRH:0
end_of_record
TN:
SF:/Users/kylerobinson/Code/repos/kclsu/component_library/src/components/modal/kclsu-modal.tsx
FN:4,(anonymous_0)
FN:18,(anonymous_1)
FN:22,(anonymous_2)
FN:26,(anonymous_3)
FNF:4
FNH:3
FNDA:1,(anonymous_0)
FNDA:1,(anonymous_1)
FNDA:0,(anonymous_2)
FNDA:2,(anonymous_3)
DA:1,1
DA:4,1
DA:12,1
DA:14,1
DA:16,1
DA:19,1
DA:23,0
DA:28,2
DA:34,2
LF:9
LH:8
BRDA:23,0,0,0
BRDA:23,0,1,0
BRDA:29,1,0,1
BRDA:29,1,1,1
BRDA:30,2,0,1
BRDA:30,2,1,1
BRDA:31,3,0,2
BRDA:31,3,1,0
BRF:8
BRH:5
end_of_record
TN:
SF:/Users/kylerobinson/Code/repos/kclsu/component_library/src/components/modal/modal-backdrop.tsx
FN:14,(anonymous_1)
FN:19,(anonymous_2)
FN:21,(anonymous_3)
FNF:3
FNH:3
FNDA:1,(anonymous_1)
FNDA:3,(anonymous_2)
FNDA:1,(anonymous_3)
DA:1,1
DA:4,1
DA:15,1
DA:16,1
DA:20,3
DA:21,1
LF:6
LH:6
BRDA:21,0,0,2
BRDA:21,0,1,1
BRF:2
BRH:2
end_of_record
TN:
SF:/Users/kylerobinson/Code/repos/kclsu/component_library/src/utils/utils.ts
FN:2,format
FN:10,createId
FN:14,returnDate
FN:31,removeParams
FN:53,getNextEvents
FN:57,(anonymous_5)
FN:66,sortFullNamesAlphabetically
FN:70,verifyCloudinaryApprovedUrl
FNF:8
FNH:1
FNDA:4,format
FNDA:0,createId
FNDA:0,returnDate
FNDA:0,removeParams
FNDA:0,getNextEvents
FNDA:0,(anonymous_5)
FNDA:0,sortFullNamesAlphabetically
FNDA:0,verifyCloudinaryApprovedUrl
DA:2,1
DA:3,4
DA:10,1
DA:11,0
DA:14,1
DA:16,0
DA:17,0
DA:18,0
DA:19,0
DA:21,0
DA:31,1
DA:32,0
DA:33,0
DA:34,0
DA:36,0
DA:37,0
DA:38,0
DA:40,0
DA:41,0
DA:44,0
DA:48,0
DA:53,1
DA:54,0
DA:55,0
DA:56,0
DA:57,0
DA:58,0
DA:61,0
DA:62,0
DA:63,0
DA:66,1
DA:67,0
DA:70,1
DA:71,0
DA:72,0
DA:73,0
LF:36
LH:8
BRDA:4,0,0,4
BRDA:4,0,1,1
BRDA:5,1,0,1
BRDA:5,1,1,3
BRDA:6,2,0,2
BRDA:6,2,1,2
BRDA:14,3,0,0
BRDA:16,4,0,0
BRDA:16,4,1,0
BRDA:36,5,0,0
BRDA:36,5,1,0
BRDA:40,6,0,0
BRDA:40,6,1,0
BRDA:53,7,0,0
BRDA:61,8,0,0
BRDA:61,8,1,0
BRDA:62,9,0,0
BRDA:62,9,1,0
BRDA:72,10,0,0
BRDA:72,10,1,0
BRF:20
BRH:6
end_of_record
